# JRE version: Java(TM) SE Runtime Environment (8.0_05-b13) (build 1.8.0_05-b13)
# Java VM: Java HotSpot(TM) 64-Bit Server VM (25.5-b02 mixed mode windows-amd64 compressed oops)
Heap:
 PSYoungGen      total 10240K, used 4905K [0x00000000eb400000, 0x00000000ec000000, 0x0000000100000000)
  eden space 8192K, 54% used [0x00000000eb400000,0x00000000eb852670,0x00000000ebc00000)
  from space 2048K, 23% used [0x00000000ebe00000,0x00000000ebe78000,0x00000000ec000000)
  to   space 2048K, 0% used [0x00000000ebc00000,0x00000000ebc00000,0x00000000ebe00000)
 ParOldGen       total 64000K, used 4085K [0x00000000c1c00000, 0x00000000c5a80000, 0x00000000eb400000)
  object space 64000K, 6% used [0x00000000c1c00000,0x00000000c1ffd6e0,0x00000000c5a80000)
 Metaspace       used 17424K, capacity 17578K, committed 17920K, reserved 1064960K
  class space    used 2166K, capacity 2237K, committed 2304K, reserved 1048576K
GC Heap History (10 events):
Event: 3.654 GC heap before
{Heap before GC invocations=8 (full 0):
 PSYoungGen      total 3072K, used 2771K [0x00000000eb400000, 0x00000000eba00000, 0x0000000100000000)
  eden space 1536K, 100% used [0x00000000eb400000,0x00000000eb580000,0x00000000eb580000)
  from space 1536K, 80% used [0x00000000eb580000,0x00000000eb6b4ca0,0x00000000eb700000)
  to   space 1536K, 0% used [0x00000000eb880000,0x00000000eb880000,0x00000000eba00000)
 ParOldGen       total 64000K, used 1245K [0x00000000c1c00000, 0x00000000c5a80000, 0x00000000eb400000)
  object space 64000K, 1% used [0x00000000c1c00000,0x00000000c1d374d0,0x00000000c5a80000)
 Metaspace       used 12756K, capacity 12906K, committed 13056K, reserved 1060864K
  class space    used 1670K, capacity 1725K, committed 1792K, reserved 1048576K
Event: 3.657 GC heap after
Heap after GC invocations=8 (full 0):
 PSYoungGen      total 4608K, used 1254K [0x00000000eb400000, 0x00000000eba00000, 0x0000000100000000)
  eden space 3072K, 0% used [0x00000000eb400000,0x00000000eb400000,0x00000000eb700000)
  from space 1536K, 81% used [0x00000000eb880000,0x00000000eb9b9940,0x00000000eba00000)
  to   space 1536K, 0% used [0x00000000eb700000,0x00000000eb700000,0x00000000eb880000)
 ParOldGen       total 64000K, used 1389K [0x00000000c1c00000, 0x00000000c5a80000, 0x00000000eb400000)
  object space 64000K, 2% used [0x00000000c1c00000,0x00000000c1d5b4d0,0x00000000c5a80000)
 Metaspace       used 12756K, capacity 12906K, committed 13056K, reserved 1060864K
  class space    used 1670K, capacity 1725K, committed 1792K, reserved 1048576K
}
Event: 3.739 GC heap before
{Heap before GC invocations=9 (full 0):
 PSYoungGen      total 4608K, used 4326K [0x00000000eb400000, 0x00000000eba00000, 0x0000000100000000)
  eden space 3072K, 100% used [0x00000000eb400000,0x00000000eb700000,0x00000000eb700000)
  from space 1536K, 81% used [0x00000000eb880000,0x00000000eb9b9940,0x00000000eba00000)
  to   space 1536K, 0% used [0x00000000eb700000,0x00000000eb700000,0x00000000eb880000)
 ParOldGen       total 64000K, used 1389K [0x00000000c1c00000, 0x00000000c5a80000, 0x00000000eb400000)
  object space 64000K, 2% used [0x00000000c1c00000,0x00000000c1d5b4d0,0x00000000c5a80000)
 Metaspace       used 14634K, capacity 14762K, committed 14976K, reserved 1062912K
  class space    used 1880K, capacity 1917K, committed 1920K, reserved 1048576K
Event: 3.741 GC heap after
Heap after GC invocations=9 (full 0):
 PSYoungGen      total 4608K, used 1377K [0x00000000eb400000, 0x00000000ebd00000, 0x0000000100000000)
  eden space 3072K, 0% used [0x00000000eb400000,0x00000000eb400000,0x00000000eb700000)
  from space 1536K, 89% used [0x00000000eb700000,0x00000000eb8586d8,0x00000000eb880000)
  to   space 2048K, 0% used [0x00000000ebb00000,0x00000000ebb00000,0x00000000ebd00000)
 ParOldGen       total 64000K, used 2028K [0x00000000c1c00000, 0x00000000c5a80000, 0x00000000eb400000)
  object space 64000K, 3% used [0x00000000c1c00000,0x00000000c1dfb360,0x00000000c5a80000)
 Metaspace       used 14634K, capacity 14762K, committed 14976K, reserved 1062912K
  class space    used 1880K, capacity 1917K, committed 1920K, reserved 1048576K
}
Event: 3.882 GC heap before
{Heap before GC invocations=10 (full 0):
 PSYoungGen      total 4608K, used 4440K [0x00000000eb400000, 0x00000000ebd00000, 0x0000000100000000)
  eden space 3072K, 99% used [0x00000000eb400000,0x00000000eb6fdc58,0x00000000eb700000)
  from space 1536K, 89% used [0x00000000eb700000,0x00000000eb8586d8,0x00000000eb880000)
  to   space 2048K, 0% used [0x00000000ebb00000,0x00000000ebb00000,0x00000000ebd00000)
 ParOldGen       total 64000K, used 2028K [0x00000000c1c00000, 0x00000000c5a80000, 0x00000000eb400000)
  object space 64000K, 3% used [0x00000000c1c00000,0x00000000c1dfb360,0x00000000c5a80000)
 Metaspace       used 15969K, capacity 16138K, committed 16512K, reserved 1062912K
  class space    used 2034K, capacity 2077K, committed 2176K, reserved 1048576K
Event: 3.884 GC heap after
Heap after GC invocations=10 (full 0):
 PSYoungGen      total 7168K, used 1463K [0x00000000eb400000, 0x00000000ebd00000, 0x0000000100000000)
  eden space 5120K, 0% used [0x00000000eb400000,0x00000000eb400000,0x00000000eb900000)
  from space 2048K, 71% used [0x00000000ebb00000,0x00000000ebc6dfe8,0x00000000ebd00000)
  to   space 2048K, 0% used [0x00000000eb900000,0x00000000eb900000,0x00000000ebb00000)
 ParOldGen       total 64000K, used 2579K [0x00000000c1c00000, 0x00000000c5a80000, 0x00000000eb400000)
  object space 64000K, 4% used [0x00000000c1c00000,0x00000000c1e84ca0,0x00000000c5a80000)
 Metaspace       used 15969K, capacity 16138K, committed 16512K, reserved 1062912K
  class space    used 2034K, capacity 2077K, committed 2176K, reserved 1048576K
}
Event: 1666.970 GC heap before
{Heap before GC invocations=11 (full 0):
 PSYoungGen      total 7168K, used 6583K [0x00000000eb400000, 0x00000000ebd00000, 0x0000000100000000)
  eden space 5120K, 100% used [0x00000000eb400000,0x00000000eb900000,0x00000000eb900000)
  from space 2048K, 71% used [0x00000000ebb00000,0x00000000ebc6dfe8,0x00000000ebd00000)
  to   space 2048K, 0% used [0x00000000eb900000,0x00000000eb900000,0x00000000ebb00000)
 ParOldGen       total 64000K, used 2579K [0x00000000c1c00000, 0x00000000c5a80000, 0x00000000eb400000)
  object space 64000K, 4% used [0x00000000c1c00000,0x00000000c1e84ca0,0x00000000c5a80000)
 Metaspace       used 17094K, capacity 17290K, committed 17664K, reserved 1064960K
  class space    used 2161K, capacity 2205K, committed 2304K, reserved 1048576K
Event: 1666.981 GC heap after
Heap after GC invocations=11 (full 0):
 PSYoungGen      total 7168K, used 704K [0x00000000eb400000, 0x00000000ec000000, 0x0000000100000000)
  eden space 5120K, 0% used [0x00000000eb400000,0x00000000eb400000,0x00000000eb900000)
  from space 2048K, 34% used [0x00000000eb900000,0x00000000eb9b0040,0x00000000ebb00000)
  to   space 2048K, 0% used [0x00000000ebe00000,0x00000000ebe00000,0x00000000ec000000)
 ParOldGen       total 64000K, used 3593K [0x00000000c1c00000, 0x00000000c5a80000, 0x00000000eb400000)
  object space 64000K, 5% used [0x00000000c1c00000,0x00000000c1f826b0,0x00000000c5a80000)
 Metaspace       used 17094K, capacity 17290K, committed 17664K, reserved 1064960K
  class space    used 2161K, capacity 2205K, committed 2304K, reserved 1048576K
}
Event: 2680.738 GC heap before
{Heap before GC invocations=12 (full 0):
 PSYoungGen      total 7168K, used 5824K [0x00000000eb400000, 0x00000000ec000000, 0x0000000100000000)
  eden space 5120K, 100% used [0x00000000eb400000,0x00000000eb900000,0x00000000eb900000)
  from space 2048K, 34% used [0x00000000eb900000,0x00000000eb9b0040,0x00000000ebb00000)
  to   space 2048K, 0% used [0x00000000ebe00000,0x00000000ebe00000,0x00000000ec000000)
 ParOldGen       total 64000K, used 3593K [0x00000000c1c00000, 0x00000000c5a80000, 0x00000000eb400000)
  object space 64000K, 5% used [0x00000000c1c00000,0x00000000c1f826b0,0x00000000c5a80000)
 Metaspace       used 17354K, capacity 17514K, committed 17664K, reserved 1064960K
  class space    used 2166K, capacity 2237K, committed 2304K, reserved 1048576K
Event: 2680.743 GC heap after
Heap after GC invocations=12 (full 0):
 PSYoungGen      total 10240K, used 480K [0x00000000eb400000, 0x00000000ec000000, 0x0000000100000000)
  eden space 8192K, 0% used [0x00000000eb400000,0x00000000eb400000,0x00000000ebc00000)
  from space 2048K, 23% used [0x00000000ebe00000,0x00000000ebe78000,0x00000000ec000000)
  to   space 2048K, 0% used [0x00000000ebc00000,0x00000000ebc00000,0x00000000ebe00000)
 ParOldGen       total 64000K, used 4085K [0x00000000c1c00000, 0x00000000c5a80000, 0x00000000eb400000)
  object space 64000K, 6% used [0x00000000c1c00000,0x00000000c1ffd6e0,0x00000000c5a80000)
 Metaspace       used 17354K, capacity 17514K, committed 17664K, reserved 1064960K
  class space    used 2166K, capacity 2237K, committed 2304K, reserved 1048576K
}

